<?xml version="1.0" encoding="utf-8"?><testsuites name="pytest tests"><testsuite name="pytest" errors="0" failures="0" skipped="0" tests="17" time="1.251" timestamp="2026-07-01T02:46:23.454829+00:00" hostname="agent-env-994fcc4d-761a-4b5f-9930-0f1e8749f731"><testcase classname="tests.test_head_support.TestRegressionUnchanged" name="test_bot_status_shape" time="0.195" /><testcase classname="tests.test_head_support.TestRegressionUnchanged" name="test_bot_commands_62" time="0.048" /><testcase classname="tests.test_head_support.TestRegressionUnchanged" name="test_bot_config_masked" time="0.051" /><testcase classname="tests.test_head_support.TestRegressionUnchanged" name="test_scripts_list" time="0.045" /><testcase classname="tests.test_head_support.TestRegressionUnchanged" name="test_loaders_list" time="0.048" /><testcase classname="tests.test_head_support.TestRegressionUnchanged" name="test_keys_list" time="0.057" /><testcase classname="tests.test_head_support.TestLoaderFlow" name="test_verify_slug_a" time="0.478" /><testcase classname="tests.test_head_support.TestRegressionUnchanged" name="test_obfuscate_ok" time="0.048" /><testcase classname="tests.test_head_support.TestLoaderFlow" name="test_verify_slug_b_same_key" time="0.051" /><testcase classname="tests.test_head_support.TestHeadFix" name="test_get_root" time="0.090" /><testcase classname="tests.test_head_support.TestLoaderFlow" name="test_verify_hwid_mismatch" time="0.046" /><testcase classname="tests.test_head_support.TestLoaderFlow" name="test_loader_lua_menu" time="0.054" /><testcase classname="tests.test_head_support.TestHeadFix" name="test_head_root_not_405" time="0.068" /><testcase classname="tests.test_head_support.TestLoaderFlow" name="test_loader_bundle_lua" time="0.087" /><testcase classname="tests.test_head_support.TestHeadFix" name="test_get_health" time="0.051" /><testcase classname="tests.test_head_support.TestHeadFix" name="test_head_health_not_405" time="0.050" /><testcase classname="tests.test_head_support.TestLoaderFlow" name="test_loader_individual_slug_lua" time="0.046" /></testsuite></testsuites>