<?xml version="1.0" encoding="utf-8"?><testsuites name="pytest tests"><testsuite name="pytest" errors="0" failures="0" skipped="0" tests="21" time="3.133" timestamp="2026-07-04T03:41:03.801165+00:00" hostname="agent-env-994fcc4d-761a-4b5f-9930-0f1e8749f731"><testcase classname="tests.test_iter5_prometheus_hwid_flows" name="test_health" time="0.158" /><testcase classname="tests.test_iter5_prometheus_hwid_flows" name="test_obfuscate_prometheus_engine[light-Weak]" time="0.078" /><testcase classname="tests.test_iter5_prometheus_hwid_flows" name="test_obfuscate_prometheus_engine[medium-Medium]" time="0.119" /><testcase classname="tests.test_iter5_prometheus_hwid_flows" name="test_obfuscate_prometheus_engine[heavy-Strong]" time="0.140" /><testcase classname="tests.test_iter5_prometheus_hwid_flows" name="test_obfuscate_empty_code_400" time="0.044" /><testcase classname="tests.test_iter5_prometheus_hwid_flows" name="test_obfuscate_invalid_level_400" time="0.046" /><testcase classname="tests.test_iter5_prometheus_hwid_flows" name="test_get_bot_config_has_new_fields" time="0.048" /><testcase classname="tests.test_iter5_prometheus_hwid_flows" name="test_put_bot_config_persists" time="0.091" /><testcase classname="tests.test_iter5_prometheus_hwid_flows" name="test_bot_commands_contains_new_ones" time="0.049" /><testcase classname="tests.test_iter5_prometheus_hwid_flows" name="test_create_loader" time="0.054" /><testcase classname="tests.test_iter5_prometheus_hwid_flows" name="test_loader_upload_uses_prometheus" time="0.129" /><testcase classname="tests.test_iter5_prometheus_hwid_flows" name="test_loader_menu_stub" time="0.052" /><testcase classname="tests.test_iter5_prometheus_hwid_flows" name="test_loader_bundle_stub" time="0.044" /><testcase classname="tests.test_iter5_prometheus_hwid_flows" name="test_create_key_loader_scoped" time="0.042" /><testcase classname="tests.test_iter5_prometheus_hwid_flows" name="test_verify_loader_key_success_and_hwid_mismatch" time="0.090" /><testcase classname="tests.test_iter5_prometheus_hwid_flows" name="test_user_reset_hwid_cooldown_flow" time="0.342" /><testcase classname="tests.test_iter5_prometheus_hwid_flows" name="test_route_ordering_user_vs_admin" time="0.044" /><testcase classname="tests.test_iter5_prometheus_hwid_flows" name="test_hwid_auto_lockout" time="0.517" /><testcase classname="tests.test_iter5_prometheus_hwid_flows" name="test_key_history_reverse_chronological" time="0.051" /><testcase classname="tests.test_iter5_prometheus_hwid_flows" name="test_global_hwid_events_has_ip" time="0.049" /><testcase classname="tests.test_iter5_prometheus_hwid_flows" name="test_script_flow_end_to_end" time="0.260" /></testsuite></testsuites>