<?xml version="1.0" encoding="utf-8"?><testsuites name="pytest tests"><testsuite name="pytest" errors="0" failures="0" skipped="0" tests="22" time="3.204" timestamp="2026-07-01T02:25:45.092817+00:00" hostname="agent-env-994fcc4d-761a-4b5f-9930-0f1e8749f731"><testcase classname="tests.test_mod_ctrl_flows" name="test_root_health" time="0.191" /><testcase classname="tests.test_mod_ctrl_flows" name="test_bot_status_shape" time="0.045" /><testcase classname="tests.test_mod_ctrl_flows" name="test_config_no_luarmor_and_lo_flags" time="0.082" /><testcase classname="tests.test_mod_ctrl_flows" name="test_commands_registry_62_and_categories" time="0.043" /><testcase classname="tests.test_mod_ctrl_flows" name="test_commands_protection_five" time="0.042" /><testcase classname="tests.test_mod_ctrl_flows" name="test_commands_no_luarmor_leftovers" time="0.042" /><testcase classname="tests.test_mod_ctrl_flows" name="test_obfuscate_builtin" time="0.042" /><testcase classname="tests.test_mod_ctrl_flows" name="test_obfuscate_invalid_level" time="0.047" /><testcase classname="tests.test_mod_ctrl_flows" name="test_obfuscate_empty_code" time="0.039" /><testcase classname="tests.test_mod_ctrl_flows" name="test_scripts_list_contains_created" time="0.127" /><testcase classname="tests.test_mod_ctrl_flows" name="test_scripts_get_full_doc" time="0.042" /><testcase classname="tests.test_mod_ctrl_flows" name="test_scripts_delete_and_verify_gone" time="0.208" /><testcase classname="tests.test_mod_ctrl_flows" name="test_loader_create_and_list_empty" time="0.130" /><testcase classname="tests.test_mod_ctrl_flows" name="test_loader_attach_and_list_shows_both" time="0.377" /><testcase classname="tests.test_mod_ctrl_flows" name="test_loader_menu_lua" time="0.047" /><testcase classname="tests.test_mod_ctrl_flows" name="test_loader_bundle_lua" time="0.048" /><testcase classname="tests.test_mod_ctrl_flows" name="test_loader_individual_slug_lua" time="0.045" /><testcase classname="tests.test_mod_ctrl_flows" name="test_verify_slug_a_returns_payload_a" time="0.086" /><testcase classname="tests.test_mod_ctrl_flows" name="test_verify_same_key_slug_b_returns_payload_b" time="0.042" /><testcase classname="tests.test_mod_ctrl_flows" name="test_verify_hwid_mismatch" time="0.043" /><testcase classname="tests.test_mod_ctrl_flows" name="test_reset_hwid_allows_new_hwid" time="0.127" /><testcase classname="tests.test_mod_ctrl_flows" name="test_verify_invalid_key" time="0.370" /></testsuite></testsuites>