<?xml version="1.0" encoding="utf-8"?><testsuites name="pytest tests"><testsuite name="pytest" errors="0" failures="0" skipped="0" tests="24" time="2.584" timestamp="2026-07-01T06:03:37.596686+00:00" hostname="agent-env-994fcc4d-761a-4b5f-9930-0f1e8749f731"><testcase classname="tests.test_obfuscator_pipeline.TestObfuscateEndpoint" name="test_light_level" time="0.148" /><testcase classname="tests.test_obfuscator_pipeline.TestObfuscateEndpoint" name="test_medium_larger_than_light" time="0.092" /><testcase classname="tests.test_obfuscator_pipeline.TestObfuscateEndpoint" name="test_heavy_largest" time="0.139" /><testcase classname="tests.test_obfuscator_pipeline.TestObfuscateEndpoint" name="test_empty_code_400" time="0.045" /><testcase classname="tests.test_obfuscator_pipeline.TestObfuscateEndpoint" name="test_whitespace_code_400" time="0.045" /><testcase classname="tests.test_obfuscator_pipeline.TestObfuscateEndpoint" name="test_invalid_level_400" time="0.043" /><testcase classname="tests.test_obfuscator_pipeline.TestObfuscateEndpoint" name="test_syntax_valid_all_levels" time="0.152" /><testcase classname="tests.test_obfuscator_pipeline.TestObfuscateEndpoint" name="test_hides_string_literals" time="0.046" /><testcase classname="tests.test_obfuscator_pipeline.TestObfuscateEndpoint" name="test_special_characters" time="0.049" /><testcase classname="tests.test_obfuscator_pipeline.TestObfuscateEndpoint" name="test_function_end_balance" time="0.045" /><testcase classname="tests.test_obfuscator_pipeline.TestRegression" name="test_api_root_get" time="0.048" /><testcase classname="tests.test_obfuscator_pipeline.TestRegression" name="test_api_root_head" time="0.043" /><testcase classname="tests.test_obfuscator_pipeline.TestRegression" name="test_api_health" time="0.046" /><testcase classname="tests.test_obfuscator_pipeline.TestRegression" name="test_bot_commands_62_with_protection" time="0.044" /><testcase classname="tests.test_obfuscator_pipeline.TestVerifyFlow" name="test_verify_slug_a" time="1.069" /><testcase classname="tests.test_obfuscator_pipeline.TestVerifyFlow" name="test_verify_slug_b" time="0.058" /><testcase classname="tests.test_obfuscator_pipeline.TestVerifyFlow" name="test_verify_wrong_slug" time="0.052" /><testcase classname="tests.test_obfuscator_pipeline.TestVerifyFlow" name="test_verify_wrong_key" time="0.086" /><testcase classname="tests.test_obfuscator_pipeline.TestVerifyFlow" name="test_verify_hwid_mismatch" time="0.047" /><testcase classname="tests.test_obfuscator_pipeline.TestVerifyFlow" name="test_executions_counter" time="0.183" /><testcase classname="tests.test_obfuscator_pipeline.TestLoaderStubs" name="test_menu_loader_stub" time="0.494" /><testcase classname="tests.test_obfuscator_pipeline.TestLoaderStubs" name="test_individual_stub" time="0.047" /><testcase classname="tests.test_obfuscator_pipeline.TestScriptsCRUD" name="test_create_list_get_delete" time="0.558" /><testcase classname="tests.test_obfuscator_pipeline.TestLoaderStubs" name="test_bundle_stub" time="0.365" /></testsuite></testsuites>