<?xml version="1.0" encoding="utf-8"?><testsuites name="pytest tests"><testsuite name="pytest" errors="0" failures="0" skipped="0" tests="9" time="13.777" timestamp="2026-07-01T00:24:42.541560+00:00" hostname="agent-env-994fcc4d-761a-4b5f-9930-0f1e8749f731"><testcase classname="tests.test_bot_control" name="test_health_root" time="0.218" /><testcase classname="tests.test_bot_control" name="test_config_masked_and_flags" time="0.093" /><testcase classname="tests.test_bot_control" name="test_config_update_preserves_token" time="0.195" /><testcase classname="tests.test_bot_control" name="test_initial_status" time="1.103" /><testcase classname="tests.test_bot_control" name="test_clear_logs" time="0.101" /><testcase classname="tests.test_bot_control" name="test_start_bot_and_invalid_token_flow" time="11.290" /><testcase classname="tests.test_bot_control" name="test_stop_when_already_exited" time="0.049" /><testcase classname="tests.test_bot_control" name="test_commands_registry" time="0.080" /><testcase classname="tests.test_bot_control" name="test_audit_create_and_list" time="0.151" /></testsuite></testsuites>